Waf: Entering directory `/home/vagrant/ns3/ns-allinone-3.35/ns-3.35/build'
Waf: Leaving directory `/home/vagrant/ns3/ns-allinone-3.35/ns-3.35/build'
Build commands will be stored in build/compile_commands.json
'build' finished successfully (0.483s)
underlay_file: /vagrant/Vagrant_shared_folder/Data/Abvt.graph
overlay_file: /vagrant/Vagrant_shared_folder/Data/Abvt/overlay_LowDegree_0.txt
route_table: /vagrant/Vagrant_shared_folder/Data/Abvt/route_table_LowDegree_constant_aware_0_0.txt
read_demands: /vagrant/Vagrant_shared_folder/Data/Abvt/tunnel_demands_LowDegree_constant_0_0.txt
/NodeList/17/DeviceList/1/$ns3::PointToPointNetDevice/MacTx	+29000ns, PktID= 1: src:17 dest:3 sdID=0
/NodeList/17/DeviceList/1/$ns3::PointToPointNetDevice/MacTx	+29000ns, PktID= 1: src:17 dest:3 sdID=2
/NodeList/17/DeviceList/1/$ns3::PointToPointNetDevice/MacTx	+129000ns, PktID= 2: src:17 dest:3 sdID=0
/NodeList/17/DeviceList/1/$ns3::PointToPointNetDevice/MacTx	+129000ns, PktID= 2: src:17 dest:3 sdID=2
/NodeList/17/DeviceList/1/$ns3::PointToPointNetDevice/MacTx	+229000ns, PktID= 3: src:17 dest:3 sdID=0
/NodeList/17/DeviceList/1/$ns3::PointToPointNetDevice/MacTx	+229000ns, PktID= 3: src:17 dest:3 sdID=2
/NodeList/18/DeviceList/3/$ns3::PointToPointNetDevice/MacTx	+1.38296e+07ns, PktID= 1: src:17 dest:3 sdID=0
/NodeList/18/DeviceList/3/$ns3::PointToPointNetDevice/MacTx	+1.38421e+07ns, PktID= 1: src:17 dest:3 sdID=2
/NodeList/18/DeviceList/3/$ns3::PointToPointNetDevice/MacTx	+1.44352e+07ns, PktID= 2: src:17 dest:3 sdID=0
/NodeList/18/DeviceList/3/$ns3::PointToPointNetDevice/MacTx	+1.44477e+07ns, PktID= 2: src:17 dest:3 sdID=2
/NodeList/19/DeviceList/2/$ns3::PointToPointNetDevice/MacTx	+1.47746e+07ns, PktID= 1: src:17 dest:3 sdID=0
/NodeList/19/DeviceList/2/$ns3::PointToPointNetDevice/MacTx	+1.47788e+07ns, PktID= 1: src:17 dest:3 sdID=2
/NodeList/18/DeviceList/3/$ns3::PointToPointNetDevice/MacTx	+1.50665e+07ns, PktID= 3: src:17 dest:3 sdID=0
/NodeList/18/DeviceList/3/$ns3::PointToPointNetDevice/MacTx	+1.5079e+07ns, PktID= 3: src:17 dest:3 sdID=2
/NodeList/19/DeviceList/2/$ns3::PointToPointNetDevice/MacTx	+1.53759e+07ns, PktID= 2: src:17 dest:3 sdID=0
/NodeList/19/DeviceList/2/$ns3::PointToPointNetDevice/MacTx	+1.53936e+07ns, PktID= 2: src:17 dest:3 sdID=2
/NodeList/20/DeviceList/1/$ns3::PointToPointNetDevice/MacTx	+1.57363e+07ns, PktID= 1: src:17 dest:3 sdID=0
/NodeList/20/DeviceList/1/$ns3::PointToPointNetDevice/MacTx	+1.57404e+07ns, PktID= 1: src:17 dest:3 sdID=2
/NodeList/19/DeviceList/2/$ns3::PointToPointNetDevice/MacTx	+1.60126e+07ns, PktID= 3: src:17 dest:3 sdID=0
/NodeList/19/DeviceList/2/$ns3::PointToPointNetDevice/MacTx	+1.60156e+07ns, PktID= 3: src:17 dest:3 sdID=2
/NodeList/20/DeviceList/1/$ns3::PointToPointNetDevice/MacTx	+1.63426e+07ns, PktID= 2: src:17 dest:3 sdID=0
/NodeList/20/DeviceList/1/$ns3::PointToPointNetDevice/MacTx	+1.63593e+07ns, PktID= 2: src:17 dest:3 sdID=2
/NodeList/20/DeviceList/1/$ns3::PointToPointNetDevice/MacTx	+1.69743e+07ns, PktID= 3: src:17 dest:3 sdID=0
/NodeList/20/DeviceList/1/$ns3::PointToPointNetDevice/MacTx	+1.69772e+07ns, PktID= 3: src:17 dest:3 sdID=2
/NodeList/10/DeviceList/2/$ns3::PointToPointNetDevice/MacTx	+1.84696e+07ns, PktID= 1: src:17 dest:3 sdID=0
/NodeList/10/DeviceList/2/$ns3::PointToPointNetDevice/MacTx	+1.84703e+07ns, PktID= 1: src:17 dest:3 sdID=2
/NodeList/10/DeviceList/2/$ns3::PointToPointNetDevice/MacTx	+1.90804e+07ns, PktID= 2: src:17 dest:3 sdID=0
/NodeList/10/DeviceList/2/$ns3::PointToPointNetDevice/MacTx	+1.91063e+07ns, PktID= 2: src:17 dest:3 sdID=2
/NodeList/10/DeviceList/2/$ns3::PointToPointNetDevice/MacTx	+1.96989e+07ns, PktID= 3: src:17 dest:3 sdID=0
/NodeList/10/DeviceList/2/$ns3::PointToPointNetDevice/MacTx	+1.97019e+07ns, PktID= 3: src:17 dest:3 sdID=2
Command ['/home/vagrant/ns3/ns-allinone-3.35/ns-3.35/build/scratch/CategoryQueue/CategoryQueue'] terminated with signal SIGSEGV. Run it under a debugger to get more information (./waf --run <program> --gdb").
